    Checking nander-rs v0.1.0 (C:\Users\shiso\Downloads\nander\nander-rs)
error: you should consider adding a `Default` implementation for `ChipRegistry`
  --> src\infrastructure\chip_database\registry.rs:9:5
   |
 9 | /     pub fn new() -> Self {
10 | |         let mut chips = Vec::new();
11 | |         chips.extend(nand::get_all_nand());
12 | |         chips.extend(nor::get_all_nor());
13 | |         Self { chips }
14 | |     }
   | |_____^
   |
   = help: for further information visit https://rust-lang.github.io/rust-clippy/rust-1.91.0/index.html#new_without_default
   = note: `-D clippy::new-without-default` implied by `-D warnings`
   = help: to override `-D warnings` add `#[allow(clippy::new_without_default)]`
help: try adding this
   |
 8 + impl Default for ChipRegistry {
 9 +     fn default() -> Self {
10 +         Self::new()
11 +     }
12 + }
   |

error: manually reimplementing `div_ceil`
   --> src\infrastructure\flash_protocol\nand\mod.rs:131:27
    |
131 |         let total_pages = (request.length + page_size - 1) / page_size;
    |                           ^^^^^^^^^^^^^^^^^^^^^^^^^^^^^^^^^^^^^^^^^^^^ help: consider using `.div_ceil()`: `request.length.div_ceil(page_size)`
    |
    = help: for further information visit https://rust-lang.github.io/rust-clippy/rust-1.91.0/index.html#manual_div_ceil
    = note: `-D clippy::manual-div-ceil` implied by `-D warnings`
    = help: to override `-D warnings` add `#[allow(clippy::manual_div_ceil)]`

error: manual implementation of `.is_multiple_of()`
   --> src\infrastructure\flash_protocol\nand\mod.rs:158:12
    |
158 |         if start_addr % page_size != 0 {
    |            ^^^^^^^^^^^^^^^^^^^^^^^^^^^ help: replace with: `!start_addr.is_multiple_of(page_size)`
    |
    = help: for further information visit https://rust-lang.github.io/rust-clippy/rust-1.91.0/index.html#manual_is_multiple_of
    = note: `-D clippy::manual-is-multiple-of` implied by `-D warnings`
    = help: to override `-D warnings` add `#[allow(clippy::manual_is_multiple_of)]`

error: manually reimplementing `div_ceil`
   --> src\infrastructure\flash_protocol\nand\mod.rs:166:27
    |
166 |         let total_pages = (data_len + page_size as usize - 1) / page_size as usize;
    |                           ^^^^^^^^^^^^^^^^^^^^^^^^^^^^^^^^^^^^^^^^^^^^^^^^^^^^^^^^ help: consider using `.div_ceil()`: `data_len.div_ceil(page_size as usize)`
    |
    = help: for further information visit https://rust-lang.github.io/rust-clippy/rust-1.91.0/index.html#manual_div_ceil

error: manual implementation of `.is_multiple_of()`
   --> src\infrastructure\flash_protocol\nand\mod.rs:220:12
    |
220 |         if start_addr % block_size != 0 {
    |            ^^^^^^^^^^^^^^^^^^^^^^^^^^^^ help: replace with: `!start_addr.is_multiple_of(block_size)`
    |
    = help: for further information visit https://rust-lang.github.io/rust-clippy/rust-1.91.0/index.html#manual_is_multiple_of

error: manually reimplementing `div_ceil`
   --> src\infrastructure\flash_protocol\nand\mod.rs:226:28
    |
226 |         let total_blocks = (request.length + block_size - 1) / block_size;
    |                            ^^^^^^^^^^^^^^^^^^^^^^^^^^^^^^^^^^^^^^^^^^^^^^ help: consider using `.div_ceil()`: `request.length.div_ceil(block_size)`
    |
    = help: for further information visit https://rust-lang.github.io/rust-clippy/rust-1.91.0/index.html#manual_div_ceil

error: manual implementation of `.is_multiple_of()`
   --> src\infrastructure\flash_protocol\nor\mod.rs:150:12
    |
150 |         if address % block_size != 0 {
    |            ^^^^^^^^^^^^^^^^^^^^^^^^^ help: replace with: `!address.is_multiple_of(block_size)`
    |
    = help: for further information visit https://rust-lang.github.io/rust-clippy/rust-1.91.0/index.html#manual_is_multiple_of

error: manually reimplementing `div_ceil`
   --> src\infrastructure\flash_protocol\nor\mod.rs:156:28
    |
156 |         let total_blocks = (request.length + block_size - 1) / block_size;
    |                            ^^^^^^^^^^^^^^^^^^^^^^^^^^^^^^^^^^^^^^^^^^^^^^ help: consider using `.div_ceil()`: `request.length.div_ceil(block_size)`
    |
    = help: for further information visit https://rust-lang.github.io/rust-clippy/rust-1.91.0/index.html#manual_div_ceil

error: this `impl` can be derived
  --> src\infrastructure\programmer\ch341a\protocol.rs:61:1
   |
61 | / impl Default for SpiSpeed {
62 | |     fn default() -> Self {
63 | |         Self::Medium
64 | |     }
65 | | }
   | |_^
   |
   = help: for further information visit https://rust-lang.github.io/rust-clippy/rust-1.91.0/index.html#derivable_impls
   = note: `-D clippy::derivable-impls` implied by `-D warnings`
   = help: to override `-D warnings` add `#[allow(clippy::derivable_impls)]`
help: replace the manual implementation with a derive attribute and mark the default variant
   |
42 + #[derive(Default)]
43 ~ pub enum SpiSpeed {
44 |     /// ~20.8 kHz
...
54 |     /// ~3 MHz (default, most compatible)
55 ~     #[default]
56 ~     Medium = 5,
   |

error: you should consider adding a `Default` implementation for `EraseHandler`
  --> src\presentation\cli\handlers\erase_handler.rs:20:5
   |
20 | /     pub fn new() -> Self {
21 | |         Self {
22 | |             detect_use_case: DetectChipUseCase::new(ChipRegistry::new()),
23 | |         }
24 | |     }
   | |_____^
   |
   = help: for further information visit https://rust-lang.github.io/rust-clippy/rust-1.91.0/index.html#new_without_default
help: try adding this
   |
19 + impl Default for EraseHandler {
20 +     fn default() -> Self {
21 +         Self::new()
22 +     }
23 + }
   |

error: you should consider adding a `Default` implementation for `InfoHandler`
  --> src\presentation\cli\handlers\info_handler.rs:14:5
   |
14 | /     pub fn new() -> Self {
15 | |         Self {
16 | |             use_case: DetectChipUseCase::new(ChipRegistry::new()),
17 | |         }
18 | |     }
   | |_____^
   |
   = help: for further information visit https://rust-lang.github.io/rust-clippy/rust-1.91.0/index.html#new_without_default
help: try adding this
   |
13 + impl Default for InfoHandler {
14 +     fn default() -> Self {
15 +         Self::new()
16 +     }
17 + }
   |

error: you should consider adding a `Default` implementation for `ListHandler`
  --> src\presentation\cli\handlers\list_handler.rs:14:5
   |
14 | /     pub fn new() -> Self {
15 | |         Self {
16 | |             use_case: DetectChipUseCase::new(ChipRegistry::new()),
17 | |         }
18 | |     }
   | |_____^
   |
   = help: for further information visit https://rust-lang.github.io/rust-clippy/rust-1.91.0/index.html#new_without_default
help: try adding this
   |
13 + impl Default for ListHandler {
14 +     fn default() -> Self {
15 +         Self::new()
16 +     }
17 + }
   |

error: you should consider adding a `Default` implementation for `ReadHandler`
  --> src\presentation\cli\handlers\read_handler.rs:22:5
   |
22 | /     pub fn new() -> Self {
23 | |         Self {
24 | |             detect_use_case: DetectChipUseCase::new(ChipRegistry::new()),
25 | |         }
26 | |     }
   | |_____^
   |
   = help: for further information visit https://rust-lang.github.io/rust-clippy/rust-1.91.0/index.html#new_without_default
help: try adding this
   |
21 + impl Default for ReadHandler {
22 +     fn default() -> Self {
23 +         Self::new()
24 +     }
25 + }
   |

error: you should consider adding a `Default` implementation for `VerifyHandler`
  --> src\presentation\cli\handlers\verify_handler.rs:18:5
   |
18 | /     pub fn new() -> Self {
19 | |         Self {
20 | |             detect_use_case: DetectChipUseCase::new(ChipRegistry::new()),
21 | |         }
22 | |     }
   | |_____^
   |
   = help: for further information visit https://rust-lang.github.io/rust-clippy/rust-1.91.0/index.html#new_without_default
help: try adding this
   |
17 + impl Default for VerifyHandler {
18 +     fn default() -> Self {
19 +         Self::new()
20 +     }
21 + }
   |

error: you should consider adding a `Default` implementation for `WriteHandler`
  --> src\presentation\cli\handlers\write_handler.rs:22:5
   |
22 | /     pub fn new() -> Self {
23 | |         Self {
24 | |             detect_use_case: DetectChipUseCase::new(ChipRegistry::new()),
25 | |         }
26 | |     }
   | |_____^
   |
   = help: for further information visit https://rust-lang.github.io/rust-clippy/rust-1.91.0/index.html#new_without_default
help: try adding this
   |
21 + impl Default for WriteHandler {
22 +     fn default() -> Self {
23 +         Self::new()
24 +     }
25 + }
   |

error: could not compile `nander-rs` (lib) due to 15 previous errors
